2026-03-18 13:27:07,261 - INFO - ============================================================
2026-03-18 13:27:07,262 - INFO - BILLION-SCALE PIPELINE INITIALIZED
2026-03-18 13:27:07,262 - INFO - ============================================================
2026-03-18 13:27:07,262 - INFO - Generating 1,000,000 rows of data with 10 partitions...
2026-03-18 13:27:07,335 - INFO -   Created partition 1/10
2026-03-18 13:27:07,673 - INFO -   Created partition 6/10
2026-03-18 13:27:08,164 - INFO - ✅ Created Dask DataFrame with 10 partitions
2026-03-18 13:27:08,164 - INFO -    Total rows: 1,000,000
2026-03-18 13:27:08,175 - INFO - Performing billion-scale analysis...
2026-03-18 13:27:08,178 - INFO -   Computing statistics (this may take a moment)...
2026-03-18 13:27:09,119 - INFO -   Computing aggregations by location...
2026-03-18 13:27:09,228 - INFO -   Computing aggregations by action...
2026-03-18 13:27:09,325 - INFO -   Computing aggregations by device...
2026-03-18 13:27:09,413 - INFO - ✅ Analysis complete!
2026-03-18 13:27:09,413 - INFO - Saving billion-scale summary...
2026-03-18 13:27:09,416 - ERROR - Error: 'count'
2026-03-18 13:46:18,202 - INFO - ============================================================
2026-03-18 13:46:18,202 - INFO - BILLION-SCALE PIPELINE INITIALIZED
2026-03-18 13:46:18,202 - INFO - ============================================================
2026-03-18 13:46:18,203 - INFO - Generating 1,000,000 rows of data with 10 partitions...
2026-03-18 13:46:18,275 - INFO -   Created partition 1/10
2026-03-18 13:46:18,613 - INFO -   Created partition 6/10
2026-03-18 13:46:19,057 - INFO - ✅ Created Dask DataFrame with 10 partitions
2026-03-18 13:46:19,057 - INFO -    Total rows: 1,000,000
2026-03-18 13:46:19,062 - INFO - Performing billion-scale analysis...
2026-03-18 13:46:19,062 - INFO -   Computing statistics (this may take a moment)...
2026-03-18 13:46:19,783 - INFO -   Computing aggregations by location...
2026-03-18 13:46:19,874 - INFO -   Computing aggregations by action...
2026-03-18 13:46:19,957 - INFO -   Computing aggregations by device...
2026-03-18 13:46:20,043 - INFO - ✅ Analysis complete!
2026-03-18 13:46:20,043 - INFO - Saving billion-scale summary...
2026-03-18 13:46:20,046 - ERROR - Error: 'count'
2026-03-18 13:46:47,489 - INFO - ============================================================
2026-03-18 13:46:47,489 - INFO - BILLION-SCALE PIPELINE INITIALIZED
2026-03-18 13:46:47,489 - INFO - ============================================================
2026-03-18 13:46:47,490 - INFO - Generating 1,000,000 rows of data with 10 partitions...
2026-03-18 13:46:47,581 - INFO -   Created partition 1/10
2026-03-18 13:46:47,940 - INFO -   Created partition 6/10
2026-03-18 13:46:48,428 - INFO - ✅ Created Dask DataFrame with 10 partitions
2026-03-18 13:46:48,428 - INFO -    Total rows: 1,000,000
2026-03-18 13:46:48,431 - INFO - Performing billion-scale analysis...
2026-03-18 13:46:48,434 - INFO -   Computing statistics (this may take a moment)...
2026-03-18 13:46:49,112 - INFO -   Computing aggregations by location...
2026-03-18 13:46:49,207 - INFO -   Computing aggregations by action...
2026-03-18 13:46:49,296 - INFO -   Computing aggregations by device...
2026-03-18 13:46:49,387 - INFO - ✅ Analysis complete!
2026-03-18 13:46:49,387 - INFO - Saving billion-scale summary...
2026-03-18 13:46:49,390 - ERROR - Error: 'count'
2026-03-18 13:49:19,518 - INFO - ============================================================
2026-03-18 13:49:19,518 - INFO - BILLION-SCALE PIPELINE INITIALIZED
2026-03-18 13:49:19,518 - INFO - ============================================================
2026-03-18 13:49:19,518 - INFO - Generating 1,000,000,000 rows of data with 10 partitions...
2026-03-18 13:49:41,913 - ERROR - Error: Unable to allocate 763. MiB for an array with shape (100000000,) and data type object
2026-03-18 13:52:18,984 - INFO - ============================================================
2026-03-18 13:52:18,984 - INFO - BILLION-SCALE PIPELINE INITIALIZED
2026-03-18 13:52:18,985 - INFO - ============================================================
2026-03-18 13:52:18,986 - INFO - Generating 1,000,000,000 rows with 200 partitions...
2026-03-18 13:52:18,986 - INFO - Each partition: 5,000,000 rows
2026-03-18 13:52:18,987 - INFO - Creating distributed partitions...
2026-03-18 13:52:23,744 - INFO - ✅ Created Dask DataFrame with 200 partitions
2026-03-18 13:52:23,745 - INFO -    Total rows: 1,000,000,000
2026-03-18 13:52:23,747 - INFO -    Memory: Distributed across partitions (not loaded yet)
2026-03-18 13:52:23,751 - INFO - Performing billion-scale analysis...
2026-03-18 13:52:23,751 - INFO -   Computing statistics (this will trigger distributed computation)...
2026-03-18 13:52:23,752 - ERROR - Error: name 'dask' is not defined
2026-03-18 13:58:39,289 - INFO - ============================================================
2026-03-18 13:58:39,290 - INFO - BILLION-SCALE PIPELINE INITIALIZED
2026-03-18 13:58:39,290 - INFO - ============================================================
2026-03-18 13:58:39,290 - INFO - Generating 1,000,000,000 rows with 200 partitions...
2026-03-18 13:58:39,290 - INFO - Each partition: 5,000,000 rows
2026-03-18 13:58:39,290 - INFO - Creating distributed partitions...
2026-03-18 13:58:42,960 - INFO - ✅ Created Dask DataFrame with 200 partitions
2026-03-18 13:58:42,960 - INFO -    Total rows: 1,000,000,000
2026-03-18 13:58:42,960 - INFO -    Memory: Distributed across partitions (not loaded yet)
2026-03-18 13:58:42,962 - INFO - Performing billion-scale analysis...
2026-03-18 13:58:42,963 - INFO -   Computing statistics (this will trigger distributed computation)...
2026-03-18 15:57:21,559 - INFO -   Computing aggregations by location...
